2021-03-25 02:52:55.895 [main] INFO  LSRuntimeObject - Executing Stage: logicSynthesis
2021-03-25 02:52:55.900 [main] INFO  LSRuntimeObject - Executing Algorithm: Yosys
2021-03-25 02:52:56.033 [main] INFO  Yosys - +-----------------------------------------------------
2021-03-25 02:52:56.033 [main] INFO  Yosys - |			    RESULTS
2021-03-25 02:52:56.033 [main] INFO  Yosys - +-----------------------------------------------------
2021-03-25 02:52:56.035 [main] INFO  Yosys - :               NOR cells:        2
2021-03-25 02:52:56.035 [main] INFO  Yosys - :               NOT cells:        4
2021-03-25 02:52:56.035 [main] INFO  Yosys - :        internal signals:        5
2021-03-25 02:52:56.035 [main] INFO  Yosys - :           input signals:        3
2021-03-25 02:52:56.036 [main] INFO  Yosys - :          output signals:        1
2021-03-25 02:52:56.036 [main] INFO  Yosys - +-----------------------------------------------------
2021-03-25 02:52:56.036 [main] INFO  Yosys - 
 /----------------------------------------------------------------------------\
 |                                                                            |
 |  yosys -- Yosys Open SYnthesis Suite                                       |
 |                                                                            |
 |  Copyright (C) 2012 - 2019  Clifford Wolf <clifford@clifford.at>           |
 |                                                                            |
 |  Permission to use, copy, modify, and/or distribute this software for any  |
 |  purpose with or without fee is hereby granted, provided that the above    |
 |  copyright notice and this permission notice appear in all copies.         |
 |                                                                            |
 |  THE SOFTWARE IS PROVIDED "AS IS" AND THE AUTHOR DISCLAIMS ALL WARRANTIES  |
 |  WITH REGARD TO THIS SOFTWARE INCLUDING ALL IMPLIED WARRANTIES OF          |
 |  MERCHANTABILITY AND FITNESS. IN NO EVENT SHALL THE AUTHOR BE LIABLE FOR   |
 |  ANY SPECIAL, DIRECT, INDIRECT, OR CONSEQUENTIAL DAMAGES OR ANY DAMAGES    |
 |  WHATSOEVER RESULTING FROM LOSS OF USE, DATA OR PROFITS, WHETHER IN AN     |
 |  ACTION OF CONTRACT, NEGLIGENCE OR OTHER TORTIOUS ACTION, ARISING OUT OF   |
 |  OR IN CONNECTION WITH THE USE OR PERFORMANCE OF THIS SOFTWARE.            |
 |                                                                            |
 \----------------------------------------------------------------------------/

 Yosys 0.9 (git sha1 1979e0b)


-- Executing script file `/root/output/struct.ys' --

1. Executing Verilog-2005 frontend: /root/input/struct.v
Parsing Verilog input from `/root/input/struct.v' to AST representation.
Generating RTLIL representation for module `\struct'.
Successfully finished Verilog frontend.

2. Executing FLATTEN pass (flatten design).
No more expansions possible.

3. Executing SPLITNETS pass (splitting up multi-bit signals).

4. Executing HIERARCHY pass (managing design hierarchy).

4.1. Finding top of design hierarchy..
root of   0 design levels: struct              
Automatically selected struct as design top module.

4.2. Analyzing design hierarchy..
Top module:  \struct

4.3. Analyzing design hierarchy..
Top module:  \struct
Removed 0 unused modules.

5. Executing PROC pass (convert processes to netlists).

5.1. Executing PROC_CLEAN pass (remove empty switches from decision trees).
Cleaned up 0 empty switches.

5.2. Executing PROC_RMDEAD pass (remove dead branches from decision trees).
Removed a total of 0 dead cases.

5.3. Executing PROC_INIT pass (extract init attributes).

5.4. Executing PROC_ARST pass (detect async resets in processes).

5.5. Executing PROC_MUX pass (convert decision trees to multiplexers).

5.6. Executing PROC_DLATCH pass (convert process syncs to latches).

5.7. Executing PROC_DFF pass (convert process syncs to FFs).

5.8. Executing PROC_CLEAN pass (remove empty switches from decision trees).
Cleaned up 0 empty switches.

6. Executing TECHMAP pass (map to technology primitives).

6.1. Executing Verilog-2005 frontend: <techmap.v>
Parsing Verilog input from `<techmap.v>' to AST representation.
Generating RTLIL representation for module `\_90_simplemap_bool_ops'.
Generating RTLIL representation for module `\_90_simplemap_reduce_ops'.
Generating RTLIL representation for module `\_90_simplemap_logic_ops'.
Generating RTLIL representation for module `\_90_simplemap_compare_ops'.
Generating RTLIL representation for module `\_90_simplemap_various'.
Generating RTLIL representation for module `\_90_simplemap_registers'.
Generating RTLIL representation for module `\_90_shift_ops_shr_shl_sshl_sshr'.
Generating RTLIL representation for module `\_90_shift_shiftx'.
Generating RTLIL representation for module `\_90_fa'.
Generating RTLIL representation for module `\_90_lcu'.
Generating RTLIL representation for module `\_90_alu'.
Generating RTLIL representation for module `\_90_macc'.
Generating RTLIL representation for module `\_90_alumacc'.
Generating RTLIL representation for module `\$__div_mod_u'.
Generating RTLIL representation for module `\$__div_mod'.
Generating RTLIL representation for module `\_90_div'.
Generating RTLIL representation for module `\_90_mod'.
Generating RTLIL representation for module `\_90_pow'.
Generating RTLIL representation for module `\_90_pmux'.
Generating RTLIL representation for module `\_90_lut'.
Successfully finished Verilog frontend.

6.2. Continuing TECHMAP pass.
Using extmapper simplemap for cells of type $not.
Using extmapper simplemap for cells of type $or.
No more expansions possible.
<suppressed ~8 debug messages>

7. Executing OPT pass (performing simple optimizations).

7.1. Executing OPT_EXPR pass (perform const folding).
Optimizing module struct.
<suppressed ~1 debug messages>

7.2. Executing OPT_MERGE pass (detect identical cells).
Finding identical cells in module `\struct'.
Removed a total of 0 cells.

7.3. Executing OPT_MUXTREE pass (detect dead branches in mux trees).
Running muxtree optimizer on module \struct..
  Creating internal representation of mux trees.
  No muxes found in this module.
Removed 0 multiplexer ports.

7.4. Executing OPT_REDUCE pass (consolidate $*mux and $reduce_* inputs).
  Optimizing cells in module \struct.
Performed a total of 0 changes.

7.5. Executing OPT_MERGE pass (detect identical cells).
Finding identical cells in module `\struct'.
Removed a total of 0 cells.

7.6. Executing OPT_RMDFF pass (remove dff with constant values).

7.7. Executing OPT_CLEAN pass (remove unused cells and wires).
Finding unused cells or wires in module \struct..
Removed 1 unused cells and 8 unused wires.
<suppressed ~3 debug messages>

7.8. Executing OPT_EXPR pass (perform const folding).
Optimizing module struct.

7.9. Rerunning OPT passes. (Maybe there is more to do..)

7.10. Executing OPT_MUXTREE pass (detect dead branches in mux trees).
Running muxtree optimizer on module \struct..
  Creating internal representation of mux trees.
  No muxes found in this module.
Removed 0 multiplexer ports.

7.11. Executing OPT_REDUCE pass (consolidate $*mux and $reduce_* inputs).
  Optimizing cells in module \struct.
Performed a total of 0 changes.

7.12. Executing OPT_MERGE pass (detect identical cells).
Finding identical cells in module `\struct'.
Removed a total of 0 cells.

7.13. Executing OPT_RMDFF pass (remove dff with constant values).

7.14. Executing OPT_CLEAN pass (remove unused cells and wires).
Finding unused cells or wires in module \struct..

7.15. Executing OPT_EXPR pass (perform const folding).
Optimizing module struct.

7.16. Finished OPT passes. (There is nothing left to do.)

8. Executing ABC pass (technology mapping using ABC).

8.1. Extracting gate netlist of module `\struct' to `<abc-temp-dir>/input.blif'..
Extracted 6 gates and 9 wires to a netlist network with 3 inputs and 1 outputs.

8.1.1. Executing ABC.
Running ABC command: berkeley-abc -s -f <abc-temp-dir>/abc.script 2>&1
ABC: ABC command line: "source <abc-temp-dir>/abc.script".
ABC: 
ABC: + read_blif <abc-temp-dir>/input.blif 
ABC: + read_library <abc-temp-dir>/stdcells.genlib 
ABC: Entered genlib library with 5 gates from file "<abc-temp-dir>/stdcells.genlib".
ABC: + strash 
ABC: + ifraig 
ABC: + scorr 
ABC: Warning: The network is combinational (run "fraig" or "fraig_sweep").
ABC: + dc2 
ABC: + dretime 
ABC: + retime 
ABC: + strash 
ABC: + &get -n 
ABC: + &dch -f 
ABC: + &nf 
ABC: + &put 
ABC: + write_blif <abc-temp-dir>/output.blif 

8.1.2. Re-integrating ABC results.
ABC RESULTS:               NOR cells:        2
ABC RESULTS:               NOT cells:        4
ABC RESULTS:        internal signals:        5
ABC RESULTS:           input signals:        3
ABC RESULTS:          output signals:        1
Removing temp directory.

9. Executing OPT pass (performing simple optimizations).

9.1. Executing OPT_EXPR pass (perform const folding).
Optimizing module struct.

9.2. Executing OPT_MERGE pass (detect identical cells).
Finding identical cells in module `\struct'.
Removed a total of 0 cells.

9.3. Executing OPT_MUXTREE pass (detect dead branches in mux trees).
Running muxtree optimizer on module \struct..
  Creating internal representation of mux trees.
  No muxes found in this module.
Removed 0 multiplexer ports.

9.4. Executing OPT_REDUCE pass (consolidate $*mux and $reduce_* inputs).
  Optimizing cells in module \struct.
Performed a total of 0 changes.

9.5. Executing OPT_MERGE pass (detect identical cells).
Finding identical cells in module `\struct'.
Removed a total of 0 cells.

9.6. Executing OPT_RMDFF pass (remove dff with constant values).

9.7. Executing OPT_CLEAN pass (remove unused cells and wires).
Finding unused cells or wires in module \struct..
Removed 0 unused cells and 9 unused wires.
<suppressed ~5 debug messages>

9.8. Executing OPT_EXPR pass (perform const folding).
Optimizing module struct.

9.9. Finished OPT passes. (There is nothing left to do.)

10. Executing HIERARCHY pass (managing design hierarchy).

10.1. Analyzing design hierarchy..
Top module:  \struct

10.2. Analyzing design hierarchy..
Top module:  \struct
Removed 0 unused modules.

11. Executing OPT_CLEAN pass (remove unused cells and wires).
Finding unused cells or wires in module \struct..

12. Generating Graphviz representation of design.
Writing dot description to `/root/output/struct_yosys.dot'.
Dumping module struct to page 1.
Exec: dot -Tpdf '/root/output/struct_yosys.dot' > '/root/output/struct_yosys.pdf.new' && mv '/root/output/struct_yosys.pdf.new' '/root/output/struct_yosys.pdf'

13. Executing EDIF backend.

14. Executing JSON backend.

End of script. Logfile hash: 8e58e5a077
CPU: user 0.02s system 0.00s, MEM: 19.77 MB total, 10.46 MB resident
Yosys 0.9 (git sha1 1979e0b)
Time spent: 42% 3x read_verilog (0 sec), 12% 5x opt_expr (0 sec), ...

2021-03-25 02:52:56.040 [main] INFO  Yosys - 
2021-03-25 02:52:57.204 [main] INFO  Main - 
--------------------------------------------
LogicSynthesisStats
--------------------------------------------
Netlist name: struct
--------------------------------------------
Total number of inputs: 3
Number of primary inputs: 3
Number of inputs: 0
--------------------------------------------
Total number of outputs: 1
Number of primary outputs: 1
Number of outputs: 0
--------------------------------------------
Number of gates : 6
Number of PRIMARY_INPUT gates: 3
Number of PRIMARY_OUTPUT gates: 1
Number of NOT gates: 4
Number of NOR gates: 2

2021-03-25 02:52:57.205 [main] INFO  TMRuntimeObject - Executing Stage: technologyMapping
2021-03-25 02:52:57.208 [main] INFO  TMRuntimeObject - Executing Algorithm: SimulatedAnnealing
2021-03-25 02:52:57.219 [main] INFO  SimulatedAnnealing - 
--------------------------------------------
LSLogicEvaluation
--------------------------------------------
$6             	true	true	false	false	true	true	false	false	
$1             	false	false	false	false	false	false	false	true	
x              	false	false	false	false	false	false	false	true	
$5             	true	true	true	true	false	false	false	false	
$3             	true	false	true	false	true	false	true	false	
$4             	false	false	false	false	false	false	true	true	
c              	false	false	true	true	false	false	true	true	
b              	false	false	false	false	true	true	true	true	
a              	false	true	false	true	false	true	false	true	
$2             	true	true	true	true	true	true	false	false	
--------------------------------------------

